<?xml version="1.0" encoding="UTF-8" ?>
<testsuite tests="7" failures="2" name="cattest.tests.TestAPI" time="63.429" errors="0" skipped="0">
  <properties>
    <property name="java.runtime.name" value="OpenJDK Runtime Environment"/>
    <property name="java.vm.version" value="15.0.2+7-27"/>
    <property name="sun.boot.library.path" value="C:\Users\kevin.hoyle\.p2\pool\plugins\org.eclipse.justj.openjdk.hotspot.jre.full.win32.x86_64_15.0.2.v20210201-0955\jre\bin"/>
    <property name="maven.multiModuleProjectDirectory" value="C:\Users\kevin.hoyle\eclipse-workspace\CatApiValidation"/>
    <property name="java.vm.vendor" value="Oracle Corporation"/>
    <property name="java.vendor.url" value="https://java.oracle.com/"/>
    <property name="guice.disable.misplaced.annotation.check" value="true"/>
    <property name="path.separator" value=";"/>
    <property name="java.vm.name" value="OpenJDK 64-Bit Server VM"/>
    <property name="sun.os.patch.level" value=""/>
    <property name="user.script" value=""/>
    <property name="user.country" value="AU"/>
    <property name="sun.java.launcher" value="SUN_STANDARD"/>
    <property name="java.vm.specification.name" value="Java Virtual Machine Specification"/>
    <property name="user.dir" value="C:\Users\kevin.hoyle\eclipse-workspace\CatApiValidation"/>
    <property name="java.vm.compressedOopsMode" value="Zero based"/>
    <property name="java.runtime.version" value="15.0.2+7-27"/>
    <property name="os.arch" value="amd64"/>
    <property name="java.io.tmpdir" value="C:\Users\KEVIN~1.HOY\AppData\Local\Temp\"/>
    <property name="line.separator" value="
"/>
    <property name="java.vm.specification.vendor" value="Oracle Corporation"/>
    <property name="user.variant" value=""/>
    <property name="os.name" value="Windows 10"/>
    <property name="classworlds.conf" value="C:\Users\kevin.hoyle\eclipse-workspace\.metadata\.plugins\org.eclipse.m2e.launching\launches\m2conf14973157580449915149.tmp"/>
    <property name="sun.jnu.encoding" value="Cp1252"/>
    <property name="java.library.path" value="C:\Users\kevin.hoyle\.p2\pool\plugins\org.eclipse.justj.openjdk.hotspot.jre.full.win32.x86_64_15.0.2.v20210201-0955\jre\bin;C:\WINDOWS\Sun\Java\bin;C:\WINDOWS\system32;C:\WINDOWS;C:/Users/kevin.hoyle/.p2/pool/plugins/org.eclipse.justj.openjdk.hotspot.jre.full.win32.x86_64_15.0.2.v20210201-0955/jre/bin/server;C:/Users/kevin.hoyle/.p2/pool/plugins/org.eclipse.justj.openjdk.hotspot.jre.full.win32.x86_64_15.0.2.v20210201-0955/jre/bin;C:\WINDOWS\system32;C:\WINDOWS;C:\WINDOWS\System32\Wbem;C:\WINDOWS\System32\WindowsPowerShell\v1.0\;C:\WINDOWS\System32\OpenSSH\;C:\Program Files\Microsoft SQL Server\130\Tools\Binn\;C:\Program Files\Microsoft SQL Server\Client SDK\ODBC\170\Tools\Binn\;C:\Program Files\Git\cmd;C:\Program Files\nodejs\;C:\Program Files\dotnet\;C:\Users\kevin.hoyle\AppData\Local\Microsoft\WindowsApps;C:\Users\kevin.hoyle\AppData\Local\Programs\Microsoft VS Code\bin;C:\Users\kevin.hoyle\AppData\Roaming\npm;C:\Users\kevin.hoyle\AppData\Local\GitHubDesktop\bin;C:\Users\kevin.hoyle\.dotnet\tools;C:\Users\kevin.hoyle\eclipse\jee-2020-12\eclipse;;."/>
    <property name="jdk.debug" value="release"/>
    <property name="java.class.version" value="59.0"/>
    <property name="java.specification.name" value="Java Platform API Specification"/>
    <property name="sun.management.compiler" value="HotSpot 64-Bit Tiered Compilers"/>
    <property name="os.version" value="10.0"/>
    <property name="user.home" value="C:\Users\kevin.hoyle"/>
    <property name="user.timezone" value="Australia/Brisbane"/>
    <property name="file.encoding" value="Cp1252"/>
    <property name="java.specification.version" value="15"/>
    <property name="user.name" value="Kevin.Hoyle"/>
    <property name="java.class.path" value="C:\Users\kevin.hoyle\.p2\pool\plugins\org.eclipse.m2e.maven.runtime_1.16.0.20200610-1735\jars\plexus-classworlds-2.6.0.jar"/>
    <property name="java.vm.specification.version" value="15"/>
    <property name="sun.arch.data.model" value="64"/>
    <property name="sun.java.command" value="org.codehaus.plexus.classworlds.launcher.Launcher -B test"/>
    <property name="java.home" value="C:\Users\kevin.hoyle\.p2\pool\plugins\org.eclipse.justj.openjdk.hotspot.jre.full.win32.x86_64_15.0.2.v20210201-0955\jre"/>
    <property name="user.language" value="en"/>
    <property name="java.specification.vendor" value="Oracle Corporation"/>
    <property name="java.vm.info" value="mixed mode"/>
    <property name="java.version" value="15.0.2"/>
    <property name="java.vendor" value="Oracle Corporation"/>
    <property name="maven.home" value="C:\Users\kevin.hoyle\eclipse-workspace\CatApiValidation\EMBEDDED"/>
    <property name="file.separator" value="\"/>
    <property name="java.version.date" value="2021-01-19"/>
    <property name="java.vendor.url.bug" value="https://bugreport.java.com/bugreport/"/>
    <property name="sun.io.unicode.encoding" value="UnicodeLittle"/>
    <property name="sun.cpu.endian" value="little"/>
    <property name="sun.cpu.isalist" value="amd64"/>
  </properties>
  <testcase classname="cattest.tests.TestAPI" name="isInValidFactsHTTPStatusCode" time="2.602"/>
  <testcase classname="cattest.tests.TestAPI" name="isInValidFactsIdHTTPStatusCode" time="1.185"/>
  <testcase classname="cattest.tests.TestAPI" name="isValidFactsHTTPStatusCode" time="1.203"/>
  <testcase classname="cattest.tests.TestAPI" name="isValidFactsIdHTTPStatusCode" time="1.208"/>
  <testcase classname="cattest.tests.TestAPI" name="isJSOnStructureCorrect" time="1.543"/>
  <testcase classname="cattest.tests.TestAPI" name="isAllFactsIdValid" time="54.033">
    <failure message="expected [true] but found [false]" type="java.lang.AssertionError">java.lang.AssertionError: expected [true] but found [false]
	at org.testng.Assert.fail(Assert.java:97)
	at org.testng.Assert.assertEqualsImpl(Assert.java:136)
	at org.testng.Assert.assertEquals(Assert.java:118)
	at org.testng.Assert.assertEquals(Assert.java:751)
	at org.testng.Assert.assertEquals(Assert.java:761)
	at cattest.tests.TestAPI.isAllFactsIdValid(TestAPI.java:129)
</failure>
    <system-out>isAllFactsIdValid Error: 5e4c4e10a38ae60015b04a7e not found
isAllFactsIdValid Error: 5e546a054e83e80015a0e320 not found
isAllFactsIdValid Error: 5e66bb2967112d00157b0d7c not found
</system-out>
  </testcase>
  <testcase classname="cattest.tests.TestAPI" name="isFactsAllValid" time="1.655">
    <failure message="expected [true] but found [false]" type="java.lang.AssertionError">java.lang.AssertionError: expected [true] but found [false]
	at org.testng.Assert.fail(Assert.java:97)
	at org.testng.Assert.assertEqualsImpl(Assert.java:136)
	at org.testng.Assert.assertEquals(Assert.java:118)
	at org.testng.Assert.assertEquals(Assert.java:751)
	at org.testng.Assert.assertEquals(Assert.java:761)
	at cattest.tests.TestAPI.isFactsAllValid(TestAPI.java:113)
</failure>
    <system-out>isFactsAllValid Error: 5887e1d85c873e0011036889 not found
isFactsAllValid Error: 588e746706ac2b00110e59ff not found
isFactsAllValid Error: 58923f2fc3878c0011784c79 not found
isFactsAllValid Error: 5894af975cdc7400113ef7f9 not found
isFactsAllValid Error: 58e007cc0aac31001185ecf5 not found
</system-out>
  </testcase>
</testsuite>